  main.c
  menu.c
C:\Users\ariel7342\Projects\lottery\menu.c(9,1): warning C4047: 'initializing': 'PIsNumValid *' differs in levels of indirection from 'bool (__cdecl *)(int)'
C:\Users\ariel7342\Projects\lottery\menu.c(52,57): warning C4047: 'function': 'PIsNumValid' differs in levels of indirection from 'PIsNumValid *'
C:\Users\ariel7342\Projects\lottery\menu.c(52,46): warning C4024: 'getNumberInput': different types for formal and actual parameter 3
C:\Users\ariel7342\Projects\lottery\menu.c(44,1): warning C4047: 'initializing': 'PIsNumValid *' differs in levels of indirection from 'bool (__cdecl *)(int)'
C:\Users\ariel7342\Projects\lottery\menu.c(60,12): warning C4101: 'tmpNumber': unreferenced local variable
C:\Users\ariel7342\Projects\lottery\menu.c(60,9): warning C4101: 'j': unreferenced local variable
C:\Users\ariel7342\Projects\lottery\menu.c(60,6): warning C4101: 'i': unreferenced local variable
C:\Users\ariel7342\Projects\lottery\menu.c(86,69): warning C4047: 'function': 'PIsNumValid' differs in levels of indirection from 'PIsNumValid *'
C:\Users\ariel7342\Projects\lottery\menu.c(86,58): warning C4024: 'getNumberInput': different types for formal and actual parameter 3
C:\Users\ariel7342\Projects\lottery\menu.c(95,71): warning C4047: 'function': 'PIsNumValid' differs in levels of indirection from 'PIsNumValid *'
C:\Users\ariel7342\Projects\lottery\menu.c(95,60): warning C4024: 'getNumberInput': different types for formal and actual parameter 3
C:\Users\ariel7342\Projects\lottery\menu.c(101,30): warning C4047: 'function': 'ListQ *' differs in levels of indirection from 'ListQ **'
C:\Users\ariel7342\Projects\lottery\menu.c(101,24): warning C4024: 'insertDataToEndListQ': different types for formal and actual parameter 1
C:\Users\ariel7342\Projects\lottery\menu.c(73,1): warning C4047: 'initializing': 'PIsNumValid *' differs in levels of indirection from 'bool (__cdecl *)(int)'
  Generating Code...
C:\Users\ariel7342\Projects\lottery\menu.c(56): warning C4172: returning address of local variable or temporary: users
C:\Users\ariel7342\Projects\lottery\menu.c(68): warning C4172: returning address of local variable or temporary: listQ
  lottery.vcxproj -> C:\Users\ariel7342\Projects\lottery\x64\Debug\lottery.exe
